This is e-pTeX, Version 3.14159265-p3.7.1-161114-2.6 (utf8.sjis) (TeX Live 2017/W32TeX) (preloaded format=platex 2017.6.27)  15 FEB 2018 05:09
entering extended mode
 restricted \write18 enabled.
 %&-line parsing enabled.
**./chap2.tex
(./chap2.tex
pLaTeX2e <2017/05/05> (based on LaTeX2e <2017-04-15>)
Babel <3.11> and hyphenation patterns for 84 language(s) loaded.
! Undefined control sequence.
l.2 \chapter
            {本研究のアプローチ}
? 
! Emergency stop.
l.2 \chapter
            {本研究のアプローチ}
End of file on the terminal!

 
Here is how much of TeX's memory you used:
 5 strings out of 493648
 41 string characters out of 6150704
 54446 words of memory out of 5000000
 3695 multiletter control sequences out of 15000+600000
 7511 words of font info for 31 fonts, out of 8000000 for 9000
 929 hyphenation exceptions out of 8191
 5i,0n,3p,44b,8s stack positions out of 5000i,500n,10000p,500000b,80000s
No pages of output.
