This is e-pTeX, Version 3.14159265-p3.8.0-180226-2.6 (utf8.sjis) (TeX Live 2018/W32TeX) (preloaded format=platex 2018.4.2)  17 DEC 2019 06:07
entering extended mode
 restricted \write18 enabled.
 %&-line parsing enabled.
**chap1.tex
(./chap1.tex
pLaTeX2e <2018/03/09>+1 (based on LaTeX2e <2017-04-15>)
Babel <3.18> and hyphenation patterns for 84 language(s) loaded.
! Undefined control sequence.
l.1 \chapter
            {序論}
? 
! Emergency stop.
l.1 \chapter
            {序論}
End of file on the terminal!

 
Here is how much of TeX's memory you used:
 5 strings out of 493611
 39 string characters out of 6149885
 54871 words of memory out of 5000000
 3717 multiletter control sequences out of 15000+600000
 7511 words of font info for 31 fonts, out of 8000000 for 9000
 929 hyphenation exceptions out of 8191
 5i,0n,3p,26b,8s stack positions out of 5000i,500n,10000p,500000b,80000s
No pages of output.
