This is e-pTeX, Version 3.14159265-p3.7.1-161114-2.6 (utf8.sjis) (TeX Live 2016/W32TeX) (preloaded format=platex 2016.11.30)  15 DEC 2016 19:24
entering extended mode
 restricted \write18 enabled.
 %&-line parsing enabled.
**./Achieve.tex
(./Achieve.tex
pLaTeX2e <2016/11/29> (based on LaTeX2e <2016/03/31> patch level 3)
Babel <3.9r> and hyphenation patterns for 83 language(s) loaded.
! Undefined control sequence.
l.1 \chapter
            *{研究業績}
? 
! Emergency stop.
l.1 \chapter
            *{研究業績}
End of file on the terminal!

 
Here is how much of TeX's memory you used:
 5 strings out of 493671
 51 string characters out of 6151254
 53889 words of memory out of 5000000
 3678 multiletter control sequences out of 15000+600000
 7511 words of font info for 31 fonts, out of 8000000 for 9000
 929 hyphenation exceptions out of 8191
 5i,0n,3p,35b,8s stack positions out of 5000i,500n,10000p,500000b,80000s
No pages of output.
