This is e-pTeX, Version 3.14159265-p3.8.1-180518-2.6 (utf8.sjis) (TeX Live 2018/W32TeX) (preloaded format=platex 2018.6.7)  10 FEB 2020 15:49
entering extended mode
 restricted \write18 enabled.
 %&-line parsing enabled.
**main.tex
(./main.tex
pLaTeX2e <2018-05-20> (based on LaTeX2e <2018-04-01> patch level 5)
(c:/w32tex/share/texmf-dist/tex/platex/jsclasses/jsbook.cls
Document Class: jsbook 2018/06/23 jsclasses (okumura, texjporg)
\jsc@mpt=\dimen118
\jsc@mmm=\dimen119
\jsc@smallskipamount=\skip41
LaTeX Info: Redefining \rmfamily on input line 471.
LaTeX Info: Redefining \sffamily on input line 474.
LaTeX Info: Redefining \ttfamily on input line 477.
LaTeX Info: Redefining \textmc on input line 481.
LaTeX Info: Redefining \textgt on input line 483.
\symmincho=\mathgroup4
LaTeX Font Info:    Overwriting symbol font `mincho' in version `bold'
(Font)                  JY1/mc/m/n --> JY1/gt/m/n on input line 545.
LaTeX Font Info:    Font shape `JT1/mc/m/n' will be
(Font)              scaled to size 9.60999pt on input line 736.
LaTeX Font Info:    Font shape `JY1/mc/m/n' will be
(Font)              scaled to size 9.60999pt on input line 736.
\fullwidth=\dimen120
LaTeX Font Info:    Font shape `JT1/mc/m/n' will be
(Font)              scaled to size 7.68799pt on input line 897.
LaTeX Font Info:    Font shape `JY1/mc/m/n' will be
(Font)              scaled to size 7.68799pt on input line 897.
\c@part=\count83
\c@chapter=\count84
\c@section=\count85
\c@subsection=\count86
\c@subsubsection=\count87
\c@paragraph=\count88
\c@subparagraph=\count89
\c@figure=\count90
\c@table=\count91
\abovecaptionskip=\skip42
\belowcaptionskip=\skip43
\jsc@tocl@width=\dimen121
\@lnumwidth=\dimen122
\bibindent=\dimen123
(c:/w32tex/share/texmf-dist/tex/platex/jsclasses/jslogo.sty
Package: jslogo 2017/02/24 okumura, texjporg
LaTeX Info: Redefining \TeX on input line 94.
LaTeX Info: Redefining \LaTeX on input line 147.
LaTeX Info: Redefining \LaTeXe on input line 200.
)
\heisei=\count92
)
(./sty/pethesis.sty
pethesis.sty - Sat, Jan 23 2010 by Takashi Michikawa
(c:/w32tex/share/texmf-dist/tex/latex/fancyhdr/fancyhdr.sty
Package: fancyhdr 2017/06/30 v3.9a Extensive control of page headers and footer
s
\f@nch@headwidth=\skip44
\f@nch@O@elh=\skip45
\f@nch@O@erh=\skip46
\f@nch@O@olh=\skip47
\f@nch@O@orh=\skip48
\f@nch@O@elf=\skip49
\f@nch@O@erf=\skip50
\f@nch@O@olf=\skip51
\f@nch@O@orf=\skip52
)
(c:/w32tex/share/texmf-dist/tex/latex/fancybox/fancybox.sty
Package: fancybox 2010/05/15 1.4

Style option: `fancybox' v1.4 <2010/05/15> (tvz)
\@fancybox=\box42
\shadowsize=\dimen124
\@Sbox=\box43
\do@VerbBox=\toks15
\the@fancyput=\toks16
\this@fancyput=\toks17
\EndVerbatimTokens=\toks18
\Verbatim@Outfile=\write3
\Verbatim@Infile=\read1
) (c:/w32tex/share/texmf-dist/tex/latex/psnfss/times.sty
Package: times 2005/04/12 PSNFSS-v9.2a (SPQR) 
)
(c:/w32tex/share/texmf-dist/tex/latex/base/fontenc.sty
Package: fontenc 2017/04/05 v2.0i Standard LaTeX package

(c:/w32tex/share/texmf-dist/tex/latex/base/t1enc.def
File: t1enc.def 2017/04/05 v2.0i Standard LaTeX file
LaTeX Font Info:    Redeclaring font encoding T1 on input line 48.
))
(c:/w32tex/share/texmf-dist/tex/latex/graphics/graphicx.sty
Package: graphicx 2017/06/01 v1.1a Enhanced LaTeX Graphics (DPC,SPQR)

(c:/w32tex/share/texmf-dist/tex/latex/graphics/keyval.sty
Package: keyval 2014/10/28 v1.15 key=value parser (DPC)
\KV@toks@=\toks19
)
(c:/w32tex/share/texmf-dist/tex/latex/graphics/graphics.sty
Package: graphics 2017/06/25 v1.2c Standard LaTeX Graphics (DPC,SPQR)

(c:/w32tex/share/texmf-dist/tex/latex/graphics/trig.sty
Package: trig 2016/01/03 v1.10 sin cos tan (DPC)
)
(c:/w32tex/share/texmf-dist/tex/latex/graphics-cfg/graphics.cfg
File: graphics.cfg 2016/06/04 v1.11 sample graphics configuration
)
Package graphics Info: Driver file: dvipdfmx.def on input line 99.

(c:/w32tex/share/texmf-dist/tex/latex/graphics-def/dvipdfmx.def
File: dvipdfmx.def 2017/06/24 v5.0g Graphics/color driver for dvipdfmx
))
\Gin@req@height=\dimen125
\Gin@req@width=\dimen126
)
(./subfigure.sty
Package: subfigure 2002/03/15 v2.1.5 subfigure package
\subfigtopskip=\skip53
\subfigcapskip=\skip54
\subfigcaptopadj=\dimen127
\subfigbottomskip=\skip55
\subfigcapmargin=\dimen128
\subfiglabelskip=\skip56
\c@subfigure=\count93
\c@lofdepth=\count94
\c@subtable=\count95
\c@lotdepth=\count96
\subfig@top=\skip57
\subfig@bottom=\skip58
)) (c:/w32tex/share/texmf-dist/tex/latex/amsmath/amsmath.sty
Package: amsmath 2017/09/02 v2.17a AMS math features
\@mathmargin=\skip59

For additional information on amsmath, use the `?' option.
(c:/w32tex/share/texmf-dist/tex/latex/amsmath/amstext.sty
Package: amstext 2000/06/29 v2.01 AMS text

(c:/w32tex/share/texmf-dist/tex/latex/amsmath/amsgen.sty
File: amsgen.sty 1999/11/30 v2.0 generic functions
\@emptytoks=\toks20
\ex@=\dimen129
))
(c:/w32tex/share/texmf-dist/tex/latex/amsmath/amsbsy.sty
Package: amsbsy 1999/11/29 v1.2d Bold Symbols
\pmbraise@=\dimen130
)
(c:/w32tex/share/texmf-dist/tex/latex/amsmath/amsopn.sty
Package: amsopn 2016/03/08 v2.02 operator names
)
\inf@bad=\count97
LaTeX Info: Redefining \frac on input line 213.
\uproot@=\count98
\leftroot@=\count99
LaTeX Info: Redefining \overline on input line 375.
\classnum@=\count100
\DOTSCASE@=\count101
LaTeX Info: Redefining \ldots on input line 472.
LaTeX Info: Redefining \dots on input line 475.
LaTeX Info: Redefining \cdots on input line 596.
\Mathstrutbox@=\box44
\strutbox@=\box45
\big@size=\dimen131
LaTeX Font Info:    Redeclaring font encoding OML on input line 712.
LaTeX Font Info:    Redeclaring font encoding OMS on input line 713.
\macc@depth=\count102
\c@MaxMatrixCols=\count103
\dotsspace@=\muskip10
\c@parentequation=\count104
\dspbrk@lvl=\count105
\tag@help=\toks21
\row@=\count106
\column@=\count107
\maxfields@=\count108
\andhelp@=\toks22
\eqnshift@=\dimen132
\alignsep@=\dimen133
\tagshift@=\dimen134
\tagwidth@=\dimen135
\totwidth@=\dimen136
\lineht@=\dimen137
\@envbody=\toks23
\multlinegap=\skip60
\multlinetaggap=\skip61
\mathdisplay@stack=\toks24
LaTeX Info: Redefining \[ on input line 2817.
LaTeX Info: Redefining \] on input line 2818.
)
(c:/w32tex/share/texmf-dist/tex/latex/amsfonts/amssymb.sty
Package: amssymb 2013/01/14 v3.01 AMS font symbols

(c:/w32tex/share/texmf-dist/tex/latex/amsfonts/amsfonts.sty
Package: amsfonts 2013/01/14 v3.01 Basic AMSFonts support
\symAMSa=\mathgroup5
\symAMSb=\mathgroup6
LaTeX Font Info:    Overwriting math alphabet `\mathfrak' in version `bold'
(Font)                  U/euf/m/n --> U/euf/b/n on input line 106.
))
(c:/w32tex/share/texmf-dist/tex/latex/tools/bm.sty
Package: bm 2017/01/16 v1.2c Bold Symbol Support (DPC/FMi)
\symboldoperators=\mathgroup7
\symboldletters=\mathgroup8
\symboldsymbols=\mathgroup9
\symboldmincho=\mathgroup10
LaTeX Font Info:    Redeclaring math alphabet \mathbf on input line 141.
LaTeX Info: Redefining \bm on input line 207.
) (./sty/cite.sty
LaTeX Info: Redefining \cite on input line 302.
LaTeX Info: Redefining \nocite on input line 373.


LaTeX Warning: You have requested package `./sty/cite',
               but the package provides `cite'.

Package: cite 2010/09/10  v 5.3
) (c:/w32tex/share/texmf-dist/tex/latex/minitoc/minitoc.sty
Package: minitoc 2015/07/13 v61 Package minitoc

(c:/w32tex/share/texmf-dist/tex/latex/minitoc/mtcmess.sty
Package: mtcmess 2006/03/14
)
Package minitoc Info: I0001
(minitoc)             *** minitoc package, version 61 ***.
\tf@mtc=\write4
\mtcindent=\skip62
\mtcskipamount=\skip63
Package minitoc Info: I0005
(minitoc)             compatible with hyperref.
Package minitoc Info: I0023
(minitoc)             part level macros available.
Package minitoc Info: I0003
(minitoc)             chapter level macros available.
\mtc@toks=\toks25
\mtc@strutbox=\box46
\mtc@hstrutbox=\box47
Package minitoc Info: I0002
(minitoc)             Autoconfiguration of extensions.
\openout4 = `main.mtc0'.

\openout4 = `main.mtc'.

 (./main.mtc0)
Package minitoc Info: I0012
(minitoc)             Long extensions (Unix-like) will be used.
Package minitoc Info: I0031
(minitoc)             ==> this version is configured for UNIX-like 
(minitoc)                 (long extensions) file names.
\openout4 = `main.mtc'.

\openout4 = `main.mtc0'.

\c@mtc=\count109
\c@minitocdepth=\count110
\c@ptc=\count111
\c@parttocdepth=\count112
\ptcindent=\skip64
Package minitoc Info: I0010
(minitoc)             The english language is selected.
(minitoc)              on input line 4909.

(c:/w32tex/share/texmf-dist/tex/latex/minitoc/english.mld
File: english.mld 2006/01/13
)
(c:/w32tex/share/texmf-dist/tex/latex/minitoc/english.mld
File: english.mld 2006/01/13
))
(c:/w32tex/share/texmf-dist/tex/latex/tools/hhline.sty
Package: hhline 2014/10/28 v2.03 Table rule package (DPC)
)
(c:/w32tex/share/texmf-dist/tex/latex/slashbox/slashbox.sty
slashbox style by K.Yasuoka, May 1993.
\@slashboxa=\box48
\@slashboxb=\box49
\@slashboxc=\box50
\@slashboxwd=\count113
\@slashboxht=\count114
\@slashsepl=\dimen138
\@slashsepr=\dimen139
) (c:/w32tex/share/texmf-dist/tex/latex/booktabs/booktabs.sty
Package: booktabs 2016/04/27 v1.618033 publication quality tables
\heavyrulewidth=\dimen140
\lightrulewidth=\dimen141
\cmidrulewidth=\dimen142
\belowrulesep=\dimen143
\belowbottomsep=\dimen144
\aboverulesep=\dimen145
\abovetopsep=\dimen146
\cmidrulesep=\dimen147
\cmidrulekern=\dimen148
\defaultaddspace=\dimen149
\@cmidla=\count115
\@cmidlb=\count116
\@aboverulesep=\dimen150
\@belowrulesep=\dimen151
\@thisruleclass=\count117
\@lastruleclass=\count118
\@thisrulewidth=\dimen152
)
(c:/w32tex/share/texmf-dist/tex/latex/comment/comment.sty
\CommentStream=\write5

Excluding comment 'comment')
(c:/w32tex/share/texmf-dist/tex/latex/ulem/ulem.sty
\UL@box=\box51
\UL@hyphenbox=\box52
\UL@skip=\skip65
\UL@hook=\toks26
\UL@height=\dimen153
\UL@pe=\count119
\UL@pixel=\dimen154
\ULC@box=\box53
Package: ulem 2011/03/18
\ULdepth=\dimen155
)
(c:/w32tex/share/texmf-dist/tex/latex/url/url.sty
\Urlmuskip=\muskip11
Package: url 2013/09/16  ver 3.4  Verb mode for urls, etc.
) (./sty/algorithm.sty

LaTeX Warning: You have requested package `./sty/algorithm',
               but the package provides `algorithm'.

Package: algorithm 2009/08/24 v0.1 Document Style `algorithm' - floating enviro
nment
(c:/w32tex/share/texmf-dist/tex/latex/float/float.sty
Package: float 2001/11/08 v1.3d Float enhancements (AL)
\c@float@type=\count120
\float@exts=\toks27
\float@box=\box54
\@float@everytoks=\toks28
\@floatcapt=\box55
)
(c:/w32tex/share/texmf-dist/tex/latex/base/ifthen.sty
Package: ifthen 2014/09/29 v1.1c Standard LaTeX ifthen package (DPC)
)
\@float@every@algorithm=\toks29
\c@algorithm=\count121
) (./sty/algorithmic.sty

LaTeX Warning: You have requested package `./sty/algorithmic',
               but the package provides `algorithmic'.

Package: algorithmic 2009/08/24 v0.1 Document Style `algorithmic'
\c@ALC@unique=\count122
\c@ALC@line=\count123
\c@ALC@rem=\count124
\c@ALC@depth=\count125
\ALC@tlm=\skip66
\algorithmicindent=\skip67
) (c:/w32tex/share/texmf-dist/tex/latex/graphics/color.sty
Package: color 2016/07/10 v1.1e Standard LaTeX Color (DPC)

(c:/w32tex/share/texmf-dist/tex/latex/graphics-cfg/color.cfg
File: color.cfg 2016/01/02 v1.6 sample color configuration
)
Package color Info: Driver file: dvipdfmx.def on input line 147.

(c:/w32tex/share/texmf-dist/tex/latex/graphics/dvipsnam.def
File: dvipsnam.def 2016/06/17 v3.0m Driver-dependent file (DPC,SPQR)
))
(c:/w32tex/share/texmf-dist/tex/latex/base/latexsym.sty
Package: latexsym 1998/08/17 v2.2e Standard LaTeX package (lasy symbols)
\symlasy=\mathgroup11
LaTeX Font Info:    Overwriting symbol font `lasy' in version `bold'
(Font)                  U/lasy/m/n --> U/lasy/b/n on input line 52.
)
(c:/w32tex/share/texmf-dist/tex/latex/ascmac/ascmac.sty
Package: ascmac 2018/03/09 v2.0h ascmac wrapper (community edition) 

(c:/w32tex/share/texmf-dist/tex/latex/ascmac/tascmac.sty
Package: tascmac 2018/03/09 v2.0h ascmac package (community edition) 
\@savetbaselineshift=\dimen156
\@saveybaselineshift=\dimen157
\scb@x=\box56
\scscb@x=\box57
\@bw=\dimen158
\@nbox=\box58
\@nbody=\box59
\@scw=\dimen159
\ascmac@hoboxa=\box60
\ascmac@hoboxb=\box61
\@itemh=\dimen160
\@iboxpos=\toks30
\@iboxstr=\box62
\@bwsp=\box63
\@@bwsp=\box64
\@bcal=\count126
\shaderule=\dimen161
))
(c:/w32tex/share/texmf-dist/tex/latex/breqn/breqn.sty
(c:/w32tex/share/texmf-dist/tex/latex/l3kernel/expl3.sty
Package: expl3 2018-06-14 L3 programming layer (loader) 

(c:/w32tex/share/texmf-dist/tex/latex/l3kernel/expl3-code.tex
Package: expl3 2018-06-14 L3 programming layer (code)
\c_max_int=\count127
\l_tmpa_int=\count128
\l_tmpb_int=\count129
\g_tmpa_int=\count130
\g_tmpb_int=\count131
\g__kernel_prg_map_int=\count132
\c_log_iow=\count133
\l_iow_line_count_int=\count134
\l__iow_line_target_int=\count135
\l__iow_one_indent_int=\count136
\l__iow_indent_int=\count137
\c_zero_dim=\dimen162
\c_max_dim=\dimen163
\l_tmpa_dim=\dimen164
\l_tmpb_dim=\dimen165
\g_tmpa_dim=\dimen166
\g_tmpb_dim=\dimen167
\c_zero_skip=\skip68
\c_max_skip=\skip69
\l_tmpa_skip=\skip70
\l_tmpb_skip=\skip71
\g_tmpa_skip=\skip72
\g_tmpb_skip=\skip73
\c_zero_muskip=\muskip12
\c_max_muskip=\muskip13
\l_tmpa_muskip=\muskip14
\l_tmpb_muskip=\muskip15
\g_tmpa_muskip=\muskip16
\g_tmpb_muskip=\muskip17
\l_keys_choice_int=\count138
\l__intarray_loop_int=\count139
\c__intarray_sp_dim=\dimen168
\g__intarray_font_int=\count140
\c__fp_leading_shift_int=\count141
\c__fp_middle_shift_int=\count142
\c__fp_trailing_shift_int=\count143
\c__fp_big_leading_shift_int=\count144
\c__fp_big_middle_shift_int=\count145
\c__fp_big_trailing_shift_int=\count146
\c__fp_Bigg_leading_shift_int=\count147
\c__fp_Bigg_middle_shift_int=\count148
\c__fp_Bigg_trailing_shift_int=\count149
\c__kernel_randint_max_int=\count150
\g__fp_array_int=\count151
\l__fp_array_loop_int=\count152
\l__sort_length_int=\count153
\l__sort_min_int=\count154
\l__sort_top_int=\count155
\l__sort_max_int=\count156
\l__sort_true_max_int=\count157
\l__sort_block_int=\count158
\l__sort_begin_int=\count159
\l__sort_end_int=\count160
\l__sort_A_int=\count161
\l__sort_B_int=\count162
\l__sort_C_int=\count163
\l__tl_analysis_normal_int=\count164
\l__tl_analysis_index_int=\count165
\l__tl_analysis_nesting_int=\count166
\l__tl_analysis_type_int=\count167
\l__regex_internal_a_int=\count168
\l__regex_internal_b_int=\count169
\l__regex_internal_c_int=\count170
\l__regex_balance_int=\count171
\l__regex_group_level_int=\count172
\l__regex_mode_int=\count173
\c__regex_cs_in_class_mode_int=\count174
\c__regex_cs_mode_int=\count175
\l__regex_catcodes_int=\count176
\l__regex_default_catcodes_int=\count177
\c__regex_catcode_D_int=\count178
\c__regex_catcode_S_int=\count179
\c__regex_catcode_L_int=\count180
\c__regex_catcode_O_int=\count181
\c__regex_catcode_A_int=\count182
\c__regex_all_catcodes_int=\count183
\l__regex_show_lines_int=\count184
\l__regex_min_state_int=\count185
\l__regex_max_state_int=\count186
\l__regex_left_state_int=\count187
\l__regex_right_state_int=\count188
\l__regex_capturing_group_int=\count189
\l__regex_min_pos_int=\count190
\l__regex_max_pos_int=\count191
\l__regex_curr_pos_int=\count192
\l__regex_start_pos_int=\count193
\l__regex_success_pos_int=\count194
\l__regex_curr_char_int=\count195
\l__regex_curr_catcode_int=\count196
\l__regex_last_char_int=\count197
\l__regex_case_changed_char_int=\count198
\l__regex_curr_state_int=\count199
\l__regex_step_int=\count266
\l__regex_min_active_int=\count267
\l__regex_max_active_int=\count268
\l__regex_replacement_csnames_int=\count269
\l__regex_match_count_int=\count270
\l__regex_min_submatch_int=\count271
\l__regex_submatch_int=\count272
\l__regex_zeroth_submatch_int=\count273
\g__regex_trace_regex_int=\count274
\c_empty_box=\box65
\l_tmpa_box=\box66
\l_tmpb_box=\box67
\g_tmpa_box=\box68
\g_tmpb_box=\box69
\l__box_top_dim=\dimen169
\l__box_bottom_dim=\dimen170
\l__box_left_dim=\dimen171
\l__box_right_dim=\dimen172
\l__box_top_new_dim=\dimen173
\l__box_bottom_new_dim=\dimen174
\l__box_left_new_dim=\dimen175
\l__box_right_new_dim=\dimen176
\l__box_internal_box=\box70
\l__coffin_internal_box=\box71
\l__coffin_internal_dim=\dimen177
\l__coffin_offset_x_dim=\dimen178
\l__coffin_offset_y_dim=\dimen179
\l__coffin_x_dim=\dimen180
\l__coffin_y_dim=\dimen181
\l__coffin_x_prime_dim=\dimen182
\l__coffin_y_prime_dim=\dimen183
\c_empty_coffin=\box72
\l__coffin_aligned_coffin=\box73
\l__coffin_aligned_internal_coffin=\box74
\l_tmpa_coffin=\box75
\l_tmpb_coffin=\box76
\l__coffin_display_coffin=\box77
\l__coffin_display_coord_coffin=\box78
\l__coffin_display_pole_coffin=\box79
\l__coffin_display_offset_dim=\dimen184
\l__coffin_display_x_dim=\dimen185
\l__coffin_display_y_dim=\dimen186
\g__file_internal_ior=\read2
\l__coffin_bounding_shift_dim=\dimen187
\l__coffin_left_corner_dim=\dimen188
\l__coffin_right_corner_dim=\dimen189
\l__coffin_bottom_corner_dim=\dimen190
\l__coffin_top_corner_dim=\dimen191
\l__coffin_scaled_total_height_dim=\dimen192
\l__coffin_scaled_width_dim=\dimen193
\l__seq_internal_a_int=\count275
\l__seq_internal_b_int=\count276
)
(c:/w32tex/share/texmf-dist/tex/latex/l3kernel/l3dvipdfmx.def
File: l3dvidpfmx.def 2018-06-14 v L3 Experimental driver: dvipdfmx
\g__driver_image_int=\count277
))
Package: breqn 2017/01/27 v0.98e Breaking equations

(c:/w32tex/share/texmf-dist/tex/latex/breqn/flexisym.sty
Package: flexisym 2017/01/27 v0.98e Make math characters macros
LaTeX Info: Redefining \textprime on input line 300.
LaTeX Info: Redefining \not on input line 358.

(c:/w32tex/share/texmf-dist/tex/latex/breqn/cmbase.sym
File: cmbase.sym 2007/12/19 v0.92
LaTeX Info: Redefining \hbar on input line 325.
LaTeX Info: Redefining \surd on input line 327.
LaTeX Info: Redefining \angle on input line 335.
LaTeX Info: Redefining \neq on input line 336.
LaTeX Info: Redefining \mapsto on input line 337.
LaTeX Info: Redefining \cong on input line 338.
LaTeX Info: Redefining \notin on input line 341.
LaTeX Info: Redefining \rightleftharpoons on input line 342.
LaTeX Info: Redefining \doteq on input line 343.
LaTeX Info: Redefining \hookrightarrow on input line 344.
LaTeX Info: Redefining \hookleftarrow on input line 345.
LaTeX Info: Redefining \bowtie on input line 346.
LaTeX Info: Redefining \models on input line 347.
LaTeX Info: Redefining \Longrightarrow on input line 348.
LaTeX Info: Redefining \longrightarrow on input line 349.
LaTeX Info: Redefining \Longleftarrow on input line 350.
LaTeX Info: Redefining \longleftarrow on input line 351.
LaTeX Info: Redefining \longmapsto on input line 352.
LaTeX Info: Redefining \longleftrightarrow on input line 353.
LaTeX Info: Redefining \Longleftrightarrow on input line 354.
LaTeX Info: Redefining \cdots on input line 358.
LaTeX Info: Redefining \vdots on input line 361.
LaTeX Info: Redefining \ddots on input line 366.
)
(c:/w32tex/share/texmf-dist/tex/latex/breqn/mathstyle.sty
Package: mathstyle 2017/01/27 0.98e Tracking mathstyle implicitly
LaTeX Info: Redefining \displaystyle on input line 93.
LaTeX Info: Redefining \textstyle on input line 95.
LaTeX Info: Redefining \scriptstyle on input line 97.
LaTeX Info: Redefining \scriptscriptstyle on input line 99.
LaTeX Info: Redefining \genfrac on input line 145.
))
(c:/w32tex/share/texmf-dist/tex/latex/tools/calc.sty
Package: calc 2017/05/25 v4.3 Infix arithmetic (KKT,FJ)
\calc@Acount=\count278
\calc@Bcount=\count279
\calc@Adimen=\dimen194
\calc@Bdimen=\dimen195
\calc@Askip=\skip74
\calc@Bskip=\skip75
LaTeX Info: Redefining \setlength on input line 80.
LaTeX Info: Redefining \addtolength on input line 81.
\calc@Ccount=\count280
\calc@Cskip=\skip76
)
\inf@bad=\count281
\maxint=\count282
\listwidth=\dimen196
\eqnumsep=\dimen197
\eqmargin=\dimen198
\eqlinespacing=\skip77
\eqlineskip=\skip78
\eqlineskiplimit=\dimen199
\eqbinoffset=\muskip18
\eqdelimoffset=\muskip19
\eqindentstep=\dimen256
\eqstyle=\toks31
\eqbreakdepth=\count283
\eqinterlinepenalty=\count284
\intereqpenalty=\count285
\intereqskip=\skip79
\prerelpenalty=\count286
\prebinoppenalty=\count287
\Dmedmuskip=\muskip20
\Dthickmuskip=\muskip21
\eqleftskip=\skip80
\eqrightskip=\skip81
\eq@vspan=\skip82
\eq@binoffset=\muskip22
\EQ@box=\box80
\EQ@copy=\box81
\EQ@numbox=\box82
\eq@wdNum=\dimen257
\GRP@numbox=\box83
\grp@wdNum=\dimen258
\eq@lines=\count288
\eq@curline=\count289
\eq@badness=\count290
\EQ@vims=\count291
\eq@dp=\dimen259
\eq@wdL=\dimen260
\eq@wdT=\dimen261
\eq@wdMin=\dimen262
\grp@wdL=\dimen263
\grp@wdR=\dimen264
\grp@wdT=\dimen265
\eq@wdRmax=\dimen266
\eq@firstht=\dimen267
\eq@wdCond=\dimen268
\eq@indentstep=\dimen269
\eq@linewidth=\dimen270
\grp@linewidth=\dimen271
\eq@hshift=\dimen272
\eq@given@sidespace=\dimen273
\mathindent=\dimen274
\eq@final@linecount=\count292
\eq@wdR=\dimen275
\EQ@continue=\toks32
\lr@level=\count293
\GRP@queue=\toks33
\GRP@box=\box84
\GRP@wholebox=\box85
\darraycolsep=\skip83
\cur@row=\count294
\cur@col=\count295
\conditionsep=\skip84
)
(c:/w32tex/share/texmf-dist/tex/latex/setspace/setspace.sty
Package: setspace 2011/12/19 v6.7a set line spacing
)
(./sty/xbmkanji.sty
\@xbmspacebox=\box86
\@xbmwidth=\skip85
\@xbmheight=\skip86
\@asciibmcount=\count296
\@asciibmpack=\count297
\@asciibmwidth=\count298
\@asciibmheight=\count299

xbmkanji.sty for ASCII-pLaTeX by Koichi Yasuoka, July 1997.
) (c:/w32tex/share/texmf-dist/tex/latex/caption/caption.sty
Package: caption 2018/05/01 v3.3-147 Customizing captions (AR)

(c:/w32tex/share/texmf-dist/tex/latex/caption/caption3.sty
Package: caption3 2018/05/27 v1.8a caption3 kernel (AR)
Package caption3 Info: TeX engine: e-TeX on input line 64.
\captionmargin=\dimen276
\captionmargin@=\dimen277
\captionwidth=\dimen278
\caption@tempdima=\dimen279
\caption@indent=\dimen280
\caption@parindent=\dimen281
\caption@hangindent=\dimen282
Package caption Info: Unknown document class (or package),
(caption)             standard defaults will be used.
)

Package caption Warning: Unsupported document class (or package) detected,
(caption)                usage of the caption package is not recommended.
See the caption package documentation for explanation.

Package caption Info: \@makecaption = \long macro:#1#2->{\small \advance \lefts
kip .0628\linewidth \advance \rightskip .0628\linewidth \vskip \abovecaptionski
p \sbox \@tempboxa {#1\hskip 1zw\relax #2}\ifdim \wd \@tempboxa <\hsize \center
ing \fi #1\hskip 1zw\relax #2\par \vskip \belowcaptionskip }.
\c@ContinuedFloat=\count300
Package caption Info: float package is loaded.
Package caption Info: subfigure package is loaded.
) (c:/w32tex/share/texmf-dist/tex/platex/japanese-otf/otf.sty
Package: otf 2018/02/01 v1.7b7 psitau, u0.21 ttk
LaTeX Font Info:    Redeclaring symbol font `mincho' on input line 314.
LaTeX Font Info:    Overwriting symbol font `mincho' in version `normal'
(Font)                  JY1/mc/m/n --> JY1/hmc/m/n on input line 314.
LaTeX Font Info:    Overwriting symbol font `mincho' in version `bold'
(Font)                  JY1/gt/m/n --> JY1/hmc/m/n on input line 314.
LaTeX Font Info:    Overwriting symbol font `mincho' in version `bold'
(Font)                  JY1/hmc/m/n --> JY1/hmc/bx/n on input line 316.
LaTeX Font Info:    Redeclaring math alphabet \mathgt on input line 317.
LaTeX Font Info:    Overwriting math alphabet `\mathgt' in version `normal'
(Font)                  JY1/gt/m/n --> JY1/hgt/m/n on input line 317.
LaTeX Font Info:    Overwriting math alphabet `\mathgt' in version `bold'
(Font)                  JY1/gt/m/n --> JY1/hgt/m/n on input line 317.
LaTeX Font Info:    Overwriting math alphabet `\mathgt' in version `bold'
(Font)                  JY1/hgt/m/n --> JY1/hgt/bx/n on input line 318.

(c:/w32tex/share/texmf-dist/tex/platex/japanese-otf/ajmacros.sty
Package: ajmacros 2005/12/25 13:52 iNOUE Koich! <inoue@ma.ns.musashi-tech.ac.jp
>
\@tempcntc=\count301
\@tempcntd=\count302
\@tempcnte=\count303
\@tempcntf=\count304
)) (./main.aux)
\openout1 = `main.aux'.

LaTeX Font Info:    Checking defaults for OML/cmm/m/it on input line 66.
LaTeX Font Info:    ... okay on input line 66.
LaTeX Font Info:    Checking defaults for T1/cmr/m/n on input line 66.
LaTeX Font Info:    ... okay on input line 66.
LaTeX Font Info:    Checking defaults for OT1/cmr/m/n on input line 66.
LaTeX Font Info:    ... okay on input line 66.
LaTeX Font Info:    Checking defaults for OMS/cmsy/m/n on input line 66.
LaTeX Font Info:    ... okay on input line 66.
LaTeX Font Info:    Checking defaults for OMX/cmex/m/n on input line 66.
LaTeX Font Info:    ... okay on input line 66.
LaTeX Font Info:    Checking defaults for U/cmr/m/n on input line 66.
LaTeX Font Info:    ... okay on input line 66.
LaTeX Font Info:    Checking defaults for JY1/mc/m/n on input line 66.
LaTeX Font Info:    ... okay on input line 66.
LaTeX Font Info:    Checking defaults for JT1/mc/m/n on input line 66.
LaTeX Font Info:    ... okay on input line 66.
(I search kanjifont definition file: . . ) (I search font definition file: . .
. . . . . )
LaTeX Font Info:    Font shape `JT1/hmc/m/n' will be
(Font)              scaled to size 9.24683pt on input line 66.
LaTeX Font Info:    Font shape `JY1/hmc/m/n' will be
(Font)              scaled to size 9.24683pt on input line 66.
LaTeX Font Info:    Try loading font information for T1+ptm on input line 66.
 (c:/w32tex/share/texmf-dist/tex/latex/psnfss/t1ptm.fd
File: t1ptm.fd 2001/06/04 font definitions for T1/ptm.
)
\c@minilofdepth=\count305
\c@minilotdepth=\count306
\c@partlofdepth=\count307
\c@partlotdepth=\count308
\c@sectlofdepth=\count309
\c@sectlotdepth=\count310
Package minitoc(hints) Info: I0049
(minitoc(hints))             ==> You requested the hints option. 
(minitoc(hints))             Some hints are eventually given below.
Package caption Info: Begin \AtBeginDocument code.
Package caption Info: End \AtBeginDocument code.
Package minitoc Info: I0024
(minitoc)             PREPARING MINITOCS FROM main.toc on input line 69.
Package minitoc Info: I0033
(minitoc)             Writing main.mtc1.
\openout4 = `main.mtc1'.

Package minitoc Info: I0033
(minitoc)             Writing main.mtc2.
\openout4 = `main.mtc2'.

Package minitoc Info: I0033
(minitoc)             Writing main.mtc3.
\openout4 = `main.mtc3'.

Package minitoc Info: I0033
(minitoc)             Writing main.mtc4.
\openout4 = `main.mtc4'.

Package minitoc Info: I0033
(minitoc)             Writing main.mtc5.
\openout4 = `main.mtc5'.

Package minitoc Info: I0033
(minitoc)             Writing main.mtc6.
\openout4 = `main.mtc6'.

Package minitoc Info: I0033
(minitoc)             Writing main.mtc7.
\openout4 = `main.mtc7'.

Package minitoc Info: I0033
(minitoc)             Writing main.mtc8.
\openout4 = `main.mtc8'.

Package minitoc Info: I0033
(minitoc)             Writing main.mtc9.
\openout4 = `main.mtc9'.

LaTeX Font Info:    Font shape `JT1/hmc/bx/n' in size <10> not available
(Font)              Font shape `JT1/hgt/m/n' tried instead on input line 69.
LaTeX Font Info:    Font shape `JT1/hgt/m/n' will be
(Font)              scaled to size 9.24683pt on input line 69.
LaTeX Font Info:    Font shape `JY1/hmc/bx/n' in size <10> not available
(Font)              Font shape `JY1/hgt/m/n' tried instead on input line 69.
LaTeX Font Info:    Font shape `JY1/hgt/m/n' will be
(Font)              scaled to size 9.24683pt on input line 69.
LaTeX Font Info:    Font shape `T1/ptm/bx/n' in size <10> not available
(Font)              Font shape `T1/ptm/b/n' tried instead on input line 69.
File: utlogo.eps Graphic file (type eps)
<utlogo.eps>
LaTeX Font Info:    Font shape `JT1/hmc/bx/n' in size <17.28> not available
(Font)              Font shape `JT1/hgt/m/n' tried instead on input line 69.
LaTeX Font Info:    Font shape `JT1/hgt/m/n' will be
(Font)              scaled to size 15.9785pt on input line 69.
LaTeX Font Info:    Font shape `JY1/hmc/bx/n' in size <17.28> not available
(Font)              Font shape `JY1/hgt/m/n' tried instead on input line 69.
LaTeX Font Info:    Font shape `JY1/hgt/m/n' will be
(Font)              scaled to size 15.9785pt on input line 69.
LaTeX Font Info:    Font shape `T1/ptm/bx/n' in size <17.28> not available
(Font)              Font shape `T1/ptm/b/n' tried instead on input line 69.
LaTeX Font Info:    Font shape `JT1/hmc/m/n' will be
(Font)              scaled to size 13.31541pt on input line 69.
LaTeX Font Info:    Font shape `JY1/hmc/m/n' will be
(Font)              scaled to size 13.31541pt on input line 69.
LaTeX Font Info:    Font shape `JT1/hmc/m/n' will be
(Font)              scaled to size 11.09619pt on input line 69.
LaTeX Font Info:    Font shape `JY1/hmc/m/n' will be
(Font)              scaled to size 11.09619pt on input line 69.
 [1

] [2

]
LaTeX Font Info:    Try loading font information for T1+phv on input line 79.

(c:/w32tex/share/texmf-dist/tex/latex/psnfss/t1phv.fd
File: t1phv.fd 2001/06/04 scalable font definitions for T1/phv.
)
LaTeX Font Info:    Font shape `JT1/hmc/m/n' will be
(Font)              scaled to size 23.0061pt on input line 79.
LaTeX Font Info:    Font shape `JY1/hmc/m/n' will be
(Font)              scaled to size 23.0061pt on input line 79.
LaTeX Font Info:    Font shape `JT1/hgt/m/n' will be
(Font)              scaled to size 23.0061pt on input line 79.
LaTeX Font Info:    Font shape `JY1/hgt/m/n' will be
(Font)              scaled to size 23.0061pt on input line 79.
 (./main.toc
LaTeX Font Info:    Font shape `JY1/hmc/m/n' will be
(Font)              scaled to size 6.47278pt on input line 2.
LaTeX Font Info:    Font shape `JY1/hmc/m/n' will be
(Font)              scaled to size 4.62341pt on input line 2.
LaTeX Font Info:    Try loading font information for U+msa on input line 2.

(c:/w32tex/share/texmf-dist/tex/latex/amsfonts/umsa.fd
File: umsa.fd 2013/01/14 v3.01 AMS symbols A
)
LaTeX Font Info:    Try loading font information for U+msb on input line 2.

(c:/w32tex/share/texmf-dist/tex/latex/amsfonts/umsb.fd
File: umsb.fd 2013/01/14 v3.01 AMS symbols B
)
LaTeX Font Info:    Font shape `JY1/gt/m/n' will be
(Font)              scaled to size 9.60999pt on input line 2.
LaTeX Font Info:    Font shape `JY1/gt/m/n' will be
(Font)              scaled to size 6.72699pt on input line 2.
LaTeX Font Info:    Font shape `JY1/gt/m/n' will be
(Font)              scaled to size 4.805pt on input line 2.
LaTeX Font Info:    Try loading font information for U+lasy on input line 2.

(c:/w32tex/share/texmf-dist/tex/latex/base/ulasy.fd
File: ulasy.fd 1998/08/17 v2.2e LaTeX symbol font definitions
) [1


] [2])
\tf@toc=\write6
\openout6 = `main.toc'.

 [3] [4

]
(./main.lof [5]
Underfull \hbox (badness 7221) in paragraph at lines 56--56
 [][] [] \JY1/hmc/m/n/10 走破可能であると判定された実験場所の実際の走破性 
 []

)
\tf@lof=\write7
\openout7 = `main.lof'.

 [6] (./main.lot)
\tf@lot=\write8
\openout8 = `main.lot'.

 [7

] [8

] (./Ch1_Introduction/Ch1_Introduction_Ver.2.tex
第1章
LaTeX Font Info:    Font shape `JT1/hmc/m/n' will be
(Font)              scaled to size 19.17792pt on input line 1.
LaTeX Font Info:    Font shape `JY1/hmc/m/n' will be
(Font)              scaled to size 19.17792pt on input line 1.
LaTeX Font Info:    Font shape `JT1/hgt/m/n' will be
(Font)              scaled to size 19.17792pt on input line 1.
LaTeX Font Info:    Font shape `JY1/hgt/m/n' will be
(Font)              scaled to size 19.17792pt on input line 1.
\openout4 = `main.mtc'.

\openout4 = `main.mtc'.

LaTeX Font Info:    Font shape `JT1/hmc/m/n' will be
(Font)              scaled to size 8.32214pt on input line 5.
LaTeX Font Info:    Font shape `JY1/hmc/m/n' will be
(Font)              scaled to size 8.32214pt on input line 5.
LaTeX Font Info:    Font shape `JY1/hmc/m/n' will be
(Font)              scaled to size 5.5481pt on input line 5.
LaTeX Font Info:    Font shape `JY1/gt/m/n' will be
(Font)              scaled to size 8.64899pt on input line 5.
LaTeX Font Info:    Font shape `JY1/gt/m/n' will be
(Font)              scaled to size 5.76599pt on input line 5.
LaTeX Font Info:    Font shape `JT1/hmc/bx/n' in size <12> not available
(Font)              Font shape `JT1/hgt/m/n' tried instead on input line 5.
LaTeX Font Info:    Font shape `JT1/hgt/m/n' will be
(Font)              scaled to size 11.09619pt on input line 5.
LaTeX Font Info:    Font shape `JY1/hmc/bx/n' in size <12> not available
(Font)              Font shape `JY1/hgt/m/n' tried instead on input line 5.
LaTeX Font Info:    Font shape `JY1/hgt/m/n' will be
(Font)              scaled to size 11.09619pt on input line 5.
LaTeX Font Info:    Font shape `T1/ptm/bx/n' in size <12> not available
(Font)              Font shape `T1/ptm/b/n' tried instead on input line 5.
(./main.mtc1
LaTeX Font Info:    Font shape `JT1/hmc/bx/n' in size <9> not available
(Font)              Font shape `JT1/hgt/m/n' tried instead on input line 1.
LaTeX Font Info:    Font shape `JT1/hgt/m/n' will be
(Font)              scaled to size 8.32214pt on input line 1.
LaTeX Font Info:    Font shape `JY1/hmc/bx/n' in size <9> not available
(Font)              Font shape `JY1/hgt/m/n' tried instead on input line 1.
LaTeX Font Info:    Font shape `JY1/hgt/m/n' will be
(Font)              scaled to size 8.32214pt on input line 1.
LaTeX Font Info:    Font shape `T1/ptm/bx/n' in size <9> not available
(Font)              Font shape `T1/ptm/b/n' tried instead on input line 1.
) [1

]
LaTeX Font Info:    Font shape `JT1/hgt/m/n' will be
(Font)              scaled to size 13.31541pt on input line 10.
LaTeX Font Info:    Font shape `JY1/hgt/m/n' will be
(Font)              scaled to size 13.31541pt on input line 10.
File: ./Ch1_Introduction/Fig/num_japan_world_earthquake_compressed.pdf Graphic 
file (type pdf)
<./Ch1_Introduction/Fig/num_japan_world_earthquake_compressed.pdf>
File: ./Ch1_Introduction/Fig/num_japan_world_volcano_compressed.pdf Graphic fil
e (type pdf)
<./Ch1_Introduction/Fig/num_japan_world_volcano_compressed.pdf>
File: ./Ch1_Introduction/Fig/num_japan_world_tyhoon_compressed.pdf Graphic file
 (type pdf)
<./Ch1_Introduction/Fig/num_japan_world_tyhoon_compressed.pdf>
 [2] [3]
File: ./Ch1_Introduction/Fig/土砂災害発生件数_compressed.pdf Graphic file (type
 pdf)
<./Ch1_Introduction/Fig/土砂災害発生件数_compressed.pdf>
 [4

]
File: ./Ch1_Introduction/Fig/土砂災害の人的被害_compressed.pdf Graphic file (ty
pe pdf)
<./Ch1_Introduction/Fig/土砂災害の人的被害_compressed.pdf>
File: ./Ch1_Introduction/Fig/土砂災害の家屋被害戸数_compressed.pdf Graphic file
 (type pdf)
<./Ch1_Introduction/Fig/土砂災害の家屋被害戸数_compressed.pdf>
 [5

]
File: ./Ch1_Introduction/Fig/trafficability_coneindex_72_72_compressed.pdf Grap
hic file (type pdf)
<./Ch1_Introduction/Fig/trafficability_coneindex_72_72_compressed.pdf>
 [6

]
File: ./Ch1_Introduction/Fig/コーンペネトロメータa.PNG Graphic file (type bmp)
<./Ch1_Introduction/Fig/コーンペネトロメータa.PNG>
File: ./Ch1_Introduction/Fig/コーンペネトロメータb.PNG Graphic file (type bmp)
<./Ch1_Introduction/Fig/コーンペネトロメータb.PNG>
 [7

] [8] [9

]
File: ./Ch1_Introduction/Fig/traditional_and_previous_method_compressed.pdf Gra
phic file (type pdf)
<./Ch1_Introduction/Fig/traditional_and_previous_method_compressed.pdf>
 [10] [11

] [12

]
File: ./Ch1_Introduction/Fig/thesis_constitution_compressed.pdf Graphic file (t
ype pdf)
<./Ch1_Introduction/Fig/thesis_constitution_compressed.pdf>
 [13] [14])
(./Ch2_PrinciplesOfMethod/Ch2_PrinciplesOfMethod_Ver.2.tex
第2章
\openout4 = `main.mtc'.

\openout4 = `main.mtc'.

(./main.mtc2) [15


] [16] [17] [18] [19

]
File: ./Ch2_PrinciplesOfMethod/Fig/RGBimage_compressed.pdf Graphic file (type p
df)
<./Ch2_PrinciplesOfMethod/Fig/RGBimage_compressed.pdf>
File: ./Ch2_PrinciplesOfMethod/Fig/spectralimage_compressed.pdf Graphic file (t
ype pdf)
<./Ch2_PrinciplesOfMethod/Fig/spectralimage_compressed.pdf>
 [20

] [21] [22

] [23

] [24

] [25

])
(./Ch3_SoilTypeDiscrimination/Ch3_SoilTypeDiscrimination_Ver.2.tex [26

]
第3章
\openout4 = `main.mtc'.

\openout4 = `main.mtc'.

(./main.mtc3) [27]
File: ./Ch3_SoilTypeDiscrimination/Fig/thesis_constitution_ch3_compressed.pdf G
raphic file (type pdf)
<./Ch3_SoilTypeDiscrimination/Fig/thesis_constitution_ch3_compressed.pdf>
 [28] [29]
File: ./Ch3_SoilTypeDiscrimination/Fig/spectrum_for_different_soiltype_compress
ed.pdf Graphic file (type pdf)
<./Ch3_SoilTypeDiscrimination/Fig/spectrum_for_different_soiltype_compressed.pd
f>
File: ./Ch3_SoilTypeDiscrimination/Fig/A_Fu_image_compressed.pdf Graphic file (
type pdf)
<./Ch3_SoilTypeDiscrimination/Fig/A_Fu_image_compressed.pdf>
File: ./Ch3_SoilTypeDiscrimination/Fig/B_Is_image_compressed.pdf Graphic file (
type pdf)
<./Ch3_SoilTypeDiscrimination/Fig/B_Is_image_compressed.pdf>
File: ./Ch3_SoilTypeDiscrimination/Fig/C_K1_image_compressed.pdf Graphic file (
type pdf)
<./Ch3_SoilTypeDiscrimination/Fig/C_K1_image_compressed.pdf>

Overfull \hbox (13.20837pt too wide) in paragraph at lines 90--120
 [][][] 
 []

[30

] [31]
File: ./Ch3_SoilTypeDiscrimination/Fig/discrimination_accuracy_by_wavelength_nu
mber_compressed.pdf Graphic file (type pdf)
<./Ch3_SoilTypeDiscrimination/Fig/discrimination_accuracy_by_wavelength_number_
compressed.pdf>
 [32

] [33

] [34

]
File: ./Ch3_SoilTypeDiscrimination/Fig/neuralnetwork_for_hyperspectralimage_com
pressed.pdf Graphic file (type pdf)
<./Ch3_SoilTypeDiscrimination/Fig/neuralnetwork_for_hyperspectralimage_compress
ed.pdf>
 [35]
File: ./Ch3_SoilTypeDiscrimination/Fig/discrimination_experiment_setting_compre
ssed.pdf Graphic file (type pdf)
<./Ch3_SoilTypeDiscrimination/Fig/discrimination_experiment_setting_compressed.
pdf>

Overfull \hbox (12.0pt too wide) in paragraph at lines 285--294
 [][][] 
 []

File: ./Ch3_SoilTypeDiscrimination/Fig/hyperspectral_camera.jpg Graphic file (t
ype bmp)
<./Ch3_SoilTypeDiscrimination/Fig/hyperspectral_camera.jpg>

Overfull \hbox (14.5pt too wide) in paragraph at lines 299--330
 [][][] 
 []

[36

] [37]
File: ./Ch3_SoilTypeDiscrimination/Fig/A_Fu_image_compressed.pdf Graphic file (
type pdf)
<./Ch3_SoilTypeDiscrimination/Fig/A_Fu_image_compressed.pdf>
File: ./Ch3_SoilTypeDiscrimination/Fig/B_Is_image_compressed.pdf Graphic file (
type pdf)
<./Ch3_SoilTypeDiscrimination/Fig/B_Is_image_compressed.pdf>
File: ./Ch3_SoilTypeDiscrimination/Fig/C_K1_image_compressed.pdf Graphic file (
type pdf)
<./Ch3_SoilTypeDiscrimination/Fig/C_K1_image_compressed.pdf>
File: ./Ch3_SoilTypeDiscrimination/Fig/D_K9_image_compressed.pdf Graphic file (
type pdf)
<./Ch3_SoilTypeDiscrimination/Fig/D_K9_image_compressed.pdf>
File: ./Ch3_SoilTypeDiscrimination/Fig/E_Ko_image_compressed.pdf Graphic file (
type pdf)
<./Ch3_SoilTypeDiscrimination/Fig/E_Ko_image_compressed.pdf>
File: ./Ch3_SoilTypeDiscrimination/Fig/F_Lo_image_compressed.pdf Graphic file (
type pdf)
<./Ch3_SoilTypeDiscrimination/Fig/F_Lo_image_compressed.pdf>
File: ./Ch3_SoilTypeDiscrimination/Fig/G_Mi_image_compressed.pdf Graphic file (
type pdf)
<./Ch3_SoilTypeDiscrimination/Fig/G_Mi_image_compressed.pdf>
File: ./Ch3_SoilTypeDiscrimination/Fig/H_Oh_image_compressed.pdf Graphic file (
type pdf)
<./Ch3_SoilTypeDiscrimination/Fig/H_Oh_image_compressed.pdf>
File: ./Ch3_SoilTypeDiscrimination/Fig/I_Sa_image_compressed.pdf Graphic file (
type pdf)
<./Ch3_SoilTypeDiscrimination/Fig/I_Sa_image_compressed.pdf>
File: ./Ch3_SoilTypeDiscrimination/Fig/J_Sc_image_compressed.pdf Graphic file (
type pdf)
<./Ch3_SoilTypeDiscrimination/Fig/J_Sc_image_compressed.pdf>

Overfull \hbox (13.20837pt too wide) in paragraph at lines 349--417
 [][][] 
 []

[38

] [39]
File: ./Ch3_SoilTypeDiscrimination/Fig/confusion_matrix_compressed.pdf Graphic 
file (type pdf)
<./Ch3_SoilTypeDiscrimination/Fig/confusion_matrix_compressed.pdf>
 [40

] [41

] [42])
(./Ch4_WaterContentEstimation/Ch4_WaterContentEstimation_Ver.2.tex
第4章
\openout4 = `main.mtc'.

\openout4 = `main.mtc'.

(./main.mtc4) [43

]
File: ./Ch4_WaterContentEstimation/Fig/thesis_constitution_ch4_compressed.pdf G
raphic file (type pdf)
<./Ch4_WaterContentEstimation/Fig/thesis_constitution_ch4_compressed.pdf>
 [44] [45]
File: ./Ch4_WaterContentEstimation/Fig/watercontent_measurement_compressed.pdf 
Graphic file (type pdf)
<./Ch4_WaterContentEstimation/Fig/watercontent_measurement_compressed.pdf>
 [46

]
File: ./Ch4_WaterContentEstimation/Fig/watercontent_and_spectrum_relationship_c
ompressed.pdf Graphic file (type pdf)
<./Ch4_WaterContentEstimation/Fig/watercontent_and_spectrum_relationship_compre
ssed.pdf>
 [47

] [48] [49

]
File: ./Ch4_WaterContentEstimation/Fig/watercontent_and_spectrum_graph_compress
ed.pdf Graphic file (type pdf)
<./Ch4_WaterContentEstimation/Fig/watercontent_and_spectrum_graph_compressed.pd
f>
File: ./Ch4_WaterContentEstimation/Fig/watercontent_and_spectrumDiff_graph_comp
ressed.pdf Graphic file (type pdf)
<./Ch4_WaterContentEstimation/Fig/watercontent_and_spectrumDiff_graph_compresse
d.pdf>

Overfull \hbox (12.0pt too wide) in paragraph at lines 214--230
 [][][] 
 []

[50

] [51]
File: ./Ch4_WaterContentEstimation/Fig/model_fitting_compressed.pdf Graphic fil
e (type pdf)
<./Ch4_WaterContentEstimation/Fig/model_fitting_compressed.pdf>
 [52

] [53]
File: ./Ch4_WaterContentEstimation/Fig/watercontent_estimation_experiment_setti
ng_compressed.pdf Graphic file (type pdf)
<./Ch4_WaterContentEstimation/Fig/watercontent_estimation_experiment_setting_co
mpressed.pdf>
File: ./Ch4_WaterContentEstimation/Fig/watercontent_estimation_experiment_sampl
e_arrangement_compressed.pdf Graphic file (type pdf)
<./Ch4_WaterContentEstimation/Fig/watercontent_estimation_experiment_sample_arr
angement_compressed.pdf>

Overfull \hbox (12.0pt too wide) in paragraph at lines 294--311
 [][][] 
 []


LaTeX Warning: Float too large for page by 27.23277pt on input line 312.

File: ./Ch4_WaterContentEstimation/Fig/multispectral_camera.jpg Graphic file (t
ype bmp)
<./Ch4_WaterContentEstimation/Fig/multispectral_camera.jpg>

Overfull \hbox (12.0pt too wide) in paragraph at lines 317--342
 [][][] 
 []

[54

] [55] [56]
File: ./Ch3_SoilTypeDiscrimination/Fig/A_Fu_image_compressed.pdf Graphic file (
type pdf)
<./Ch3_SoilTypeDiscrimination/Fig/A_Fu_image_compressed.pdf>
File: ./Ch3_SoilTypeDiscrimination/Fig/B_Is_image_compressed.pdf Graphic file (
type pdf)
<./Ch3_SoilTypeDiscrimination/Fig/B_Is_image_compressed.pdf>
File: ./Ch3_SoilTypeDiscrimination/Fig/D_K9_image_compressed.pdf Graphic file (
type pdf)
<./Ch3_SoilTypeDiscrimination/Fig/D_K9_image_compressed.pdf>
File: ./Ch3_SoilTypeDiscrimination/Fig/F_Lo_image_compressed.pdf Graphic file (
type pdf)
<./Ch3_SoilTypeDiscrimination/Fig/F_Lo_image_compressed.pdf>
File: ./Ch3_SoilTypeDiscrimination/Fig/G_Mi_image_compressed.pdf Graphic file (
type pdf)
<./Ch3_SoilTypeDiscrimination/Fig/G_Mi_image_compressed.pdf>

Overfull \hbox (13.20837pt too wide) in paragraph at lines 369--439
 [][][] 
 []

[57

]
File: ./Ch4_WaterContentEstimation/Fig/image_Fu（A）watercontent_spectrum_relat
ionship_compressed.pdf Graphic file (type pdf)
<./Ch4_WaterContentEstimation/Fig/image_Fu（A）watercontent_spectrum_relationsh
ip_compressed.pdf>

Overfull \hbox (9.48425pt too wide) in paragraph at lines 465--466
 [][] 
 []

File: ./Ch4_WaterContentEstimation/Fig/image_Is（B）watercontent_spectrum_relat
ionship_compressed.pdf Graphic file (type pdf)
<./Ch4_WaterContentEstimation/Fig/image_Is（B）watercontent_spectrum_relationsh
ip_compressed.pdf>

Overfull \hbox (9.48425pt too wide) in paragraph at lines 473--474
 [][] 
 []

File: ./Ch4_WaterContentEstimation/Fig/image_K9（D）watercontent_spectrum_relat
ionship_compressed.pdf Graphic file (type pdf)
<./Ch4_WaterContentEstimation/Fig/image_K9（D）watercontent_spectrum_relationsh
ip_compressed.pdf>

Overfull \hbox (9.48425pt too wide) in paragraph at lines 481--482
 [][] 
 []

File: ./Ch4_WaterContentEstimation/Fig/image_Lo（F）watercontent_spectrum_relat
ionship_compressed.pdf Graphic file (type pdf)
<./Ch4_WaterContentEstimation/Fig/image_Lo（F）watercontent_spectrum_relationsh
ip_compressed.pdf>

Overfull \hbox (9.48425pt too wide) in paragraph at lines 489--490
 [][] 
 []

File: ./Ch4_WaterContentEstimation/Fig/image_Mi（G）watercontent_spectrum_relat
ionship_compressed.pdf Graphic file (type pdf)
<./Ch4_WaterContentEstimation/Fig/image_Mi（G）watercontent_spectrum_relationsh
ip_compressed.pdf>

Overfull \hbox (9.48425pt too wide) in paragraph at lines 497--498
 [][] 
 []

File: ./Ch4_WaterContentEstimation/Fig/legend_of_watercontent_spectrum_relation
ship_compressed.pdf Graphic file (type pdf)
<./Ch4_WaterContentEstimation/Fig/legend_of_watercontent_spectrum_relationship_
compressed.pdf>
[58

] [59] [60

] [61])
(./Ch5_ConeIndexEstimation/Ch5_ConeIndexEstimation_Ver.2.tex [62

]
第5章
\openout4 = `main.mtc'.

\openout4 = `main.mtc'.

(./main.mtc5) [63]
File: ./Ch5_ConeIndexEstimation/Fig/thesis_constitution_ch5_compressed.pdf Grap
hic file (type pdf)
<./Ch5_ConeIndexEstimation/Fig/thesis_constitution_ch5_compressed.pdf>
 [64] [65] [66

]
File: ./Ch5_ConeIndexEstimation/Fig/coneindex_and_watercontent_relationship_com
pressed.pdf Graphic file (type pdf)
<./Ch5_ConeIndexEstimation/Fig/coneindex_and_watercontent_relationship_compress
ed.pdf>
File: ./Ch5_ConeIndexEstimation/Fig/coneindex_estimation_method_compressed.pdf 
Graphic file (type pdf)
<./Ch5_ConeIndexEstimation/Fig/coneindex_estimation_method_compressed.pdf>

Overfull \hbox (12.0pt too wide) in paragraph at lines 93--113
 [][][] 
 []

[67] [68

]
File: ./Ch5_ConeIndexEstimation/Fig/experimental_area_compressed.pdf Graphic fi
le (type pdf)
<./Ch5_ConeIndexEstimation/Fig/experimental_area_compressed.pdf>
File: ./ch5_ConeIndexEstimation/Fig/before_backfilled_site_compressed.pdf Graph
ic file (type pdf)
<./ch5_ConeIndexEstimation/Fig/before_backfilled_site_compressed.pdf>
File: ./ch5_ConeIndexEstimation/Fig/after_backfilled_site_compressed.pdf Graphi
c file (type pdf)
<./ch5_ConeIndexEstimation/Fig/after_backfilled_site_compressed.pdf>

Overfull \hbox (12.0pt too wide) in paragraph at lines 194--213
 [][][] 
 []

[69

] [70]
File: ./Ch5_ConeIndexEstimation/Fig/spectralcamera_arrangement_Ver_3_compressed
.pdf Graphic file (type pdf)
<./Ch5_ConeIndexEstimation/Fig/spectralcamera_arrangement_Ver_3_compressed.pdf>


Overfull \hbox (4.74214pt too wide) in paragraph at lines 238--239
 [] 
 []

[71

]
File: ./Ch5_ConeIndexEstimation/Fig/spectral_camera_shooting_Ver_2_compressed.p
df Graphic file (type pdf)
<./Ch5_ConeIndexEstimation/Fig/spectral_camera_shooting_Ver_2_compressed.pdf>
File: ./ch5_ConeIndexEstimation/Fig/coneindex_measurement_compressed.pdf Graphi
c file (type pdf)
<./ch5_ConeIndexEstimation/Fig/coneindex_measurement_compressed.pdf>
File: ./ch5_ConeIndexEstimation/Fig/watercontent_measurement_compressed.pdf Gra
phic file (type pdf)
<./ch5_ConeIndexEstimation/Fig/watercontent_measurement_compressed.pdf>

Overfull \hbox (14.5pt too wide) in paragraph at lines 292--309
 [][][] 
 []

[72

] [73] [74

]
File: ./Ch5_ConeIndexEstimation/Fig/hyperspectral_image_selection_compressed.pd
f Graphic file (type pdf)
<./Ch5_ConeIndexEstimation/Fig/hyperspectral_image_selection_compressed.pdf>
 [75]
File: ./ch5_ConeIndexEstimation/Fig/too_dark_multispectral_image_compressed.pdf
 Graphic file (type pdf)
<./ch5_ConeIndexEstimation/Fig/too_dark_multispectral_image_compressed.pdf>
File: ./ch5_ConeIndexEstimation/Fig/too_bright_multispectral_image_compressed.p
df Graphic file (type pdf)
<./ch5_ConeIndexEstimation/Fig/too_bright_multispectral_image_compressed.pdf>

Overfull \hbox (12.0pt too wide) in paragraph at lines 376--393
 [][][] 
 []

File: ./Ch5_ConeIndexEstimation/Fig/appropriate_brightness_multispectral_image_
compressed.pdf Graphic file (type pdf)
<./Ch5_ConeIndexEstimation/Fig/appropriate_brightness_multispectral_image_compr
essed.pdf>
[76]
File: ./ch5_ConeIndexEstimation/Fig/too_large_dispersion_calibration_panel_comp
ressed.pdf Graphic file (type pdf)
<./ch5_ConeIndexEstimation/Fig/too_large_dispersion_calibration_panel_compresse
d.pdf>
File: ./ch5_ConeIndexEstimation/Fig/too_small_dispersion_calibration_panel_comp
ressed.pdf Graphic file (type pdf)
<./ch5_ConeIndexEstimation/Fig/too_small_dispersion_calibration_panel_compresse
d.pdf>

Overfull \hbox (12.0pt too wide) in paragraph at lines 409--427
 [][][] 
 []

[77]
File: ./ch5_ConeIndexEstimation/Fig/coneindex_estimation_confusion_matrix_compr
essed.pdf Graphic file (type pdf)
<./ch5_ConeIndexEstimation/Fig/coneindex_estimation_confusion_matrix_compressed
.pdf>
 [78



] [79

]
LaTeX Font Info:    Font shape `JT1/hmc/bx/n' in size <7> not available
(Font)              Font shape `JT1/hgt/m/n' tried instead on input line 516.
LaTeX Font Info:    Font shape `JT1/hgt/m/n' will be
(Font)              scaled to size 6.47278pt on input line 516.
LaTeX Font Info:    Font shape `JY1/hmc/bx/n' in size <7> not available
(Font)              Font shape `JY1/hgt/m/n' tried instead on input line 516.
LaTeX Font Info:    Font shape `JY1/hgt/m/n' will be
(Font)              scaled to size 6.47278pt on input line 516.
LaTeX Font Info:    Font shape `T1/ptm/bx/n' in size <7> not available
(Font)              Font shape `T1/ptm/b/n' tried instead on input line 516.
File: ./ch5_ConeIndexEstimation/Fig/coneindex_and_watercontent_relationship_of_
experimental_site_compressed.pdf Graphic file (type pdf)
<./ch5_ConeIndexEstimation/Fig/coneindex_and_watercontent_relationship_of_exper
imental_site_compressed.pdf>
File: ./ch5_ConeIndexEstimation/Fig/validationsoil_coneindex_and_watercontent_r
elationship_2ndrow_compressed.pdf Graphic file (type pdf)
<./ch5_ConeIndexEstimation/Fig/validationsoil_coneindex_and_watercontent_relati
onship_2ndrow_compressed.pdf>
File: ./ch5_ConeIndexEstimation/Fig/validationsoil_coneindex_and_watercontent_r
elationship_3rdrow_compressed.pdf Graphic file (type pdf)
<./ch5_ConeIndexEstimation/Fig/validationsoil_coneindex_and_watercontent_relati
onship_3rdrow_compressed.pdf>

Overfull \hbox (12.0pt too wide) in paragraph at lines 539--556
 [][][] 
 []

File: ./ch5_ConeIndexEstimation/Fig/validationsoil_coneindex_and_watercontent_r
elationship_compressed.pdf Graphic file (type pdf)
<./ch5_ConeIndexEstimation/Fig/validationsoil_coneindex_and_watercontent_relati
onship_compressed.pdf>
[80] [81] [82]
File: ./ch5_ConeIndexEstimation/Fig/SK130UR-1E_compressed.pdf Graphic file (typ
e pdf)
<./ch5_ConeIndexEstimation/Fig/SK130UR-1E_compressed.pdf>
 [83

]
File: ./ch5_ConeIndexEstimation/Fig/trafficability_coneindex_461_233_compressed
.pdf Graphic file (type pdf)
<./ch5_ConeIndexEstimation/Fig/trafficability_coneindex_461_233_compressed.pdf>


Overfull \hbox (12.0pt too wide) in paragraph at lines 625--637
 [][][] 
 []

File: ./ch5_ConeIndexEstimation/Fig/trafficability_coneindex_72_72_compressed.p
df Graphic file (type pdf)
<./ch5_ConeIndexEstimation/Fig/trafficability_coneindex_72_72_compressed.pdf>
File: ./ch5_ConeIndexEstimation/Fig/trafficability_coneindex_64_71_compressed.p
df Graphic file (type pdf)
<./ch5_ConeIndexEstimation/Fig/trafficability_coneindex_64_71_compressed.pdf>

Overfull \hbox (12.0pt too wide) in paragraph at lines 642--660
 [][][] 
 []

[84

] [85] [86

] [87

]) (./Ch6_Conclusion/Ch6_Conclusion_Ver.2.tex [88

]
第6章
\openout4 = `main.mtc'.

\openout4 = `main.mtc'.

(./main.mtc6) [89] [90] [91] [92]) (./BackMatter/Acknowledgment.tex [93


]
[94] [95]
LaTeX Font Info:    Font shape `JT1/utfj/m/7' will be
(Font)              scaled to size 9.24683pt on input line 154.
LaTeX Font Info:    Font shape `JY1/utfj/m/7' will be
(Font)              scaled to size 9.24683pt on input line 154.
 [96] [97]) [98

] (./BackMatter/Reference.tex [99

] [100]
Underfull \hbox (badness 2229) in paragraph at lines 108--113
[]\JY1/hmc/m/n/10 国土交通省\T1/ptm/m/n/10 :  ``\JY1/hmc/m/n/10 大規模災害時に
おける市町村対応の現状と課題\T1/ptm/m/n/10 '',  $https :
 []


Underfull \hbox (badness 10000) in paragraph at lines 108--113
\T1/ptm/m/n/10 / / www . mlit . go . jp / river / shinngikai _ blog / shityoson
shien / dai01kai / pdf / 2 _ genjotokadai . pdf$,
 []

[101] [102] [103] [104] [105]

LaTeX Font Warning: Font shape `JT1/hmc/m/it' undefined
(Font)              using `JT1/hmc/m/n' instead on input line 333.


LaTeX Font Warning: Font shape `JY1/hmc/m/it' undefined
(Font)              using `JY1/hmc/m/n' instead on input line 333.

LaTeX Font Info:    Font shape `JT1/hmc/m/it' will be
(Font)              scaled to size 9.24683pt on input line 340.
LaTeX Font Info:    Font shape `JY1/hmc/m/it' will be
(Font)              scaled to size 9.24683pt on input line 340.
[106] [107] [108] [109] [110]) [111] [112

]
(./BackMatter/ResearchPublications.tex [113

]) [114]
Package minitoc Info: I0009
(minitoc)             Listing minitoc auxiliary files. 
(minitoc)             Creating the main.maf file.
\openout4 = `main.maf'.



Package minitoc(hints) Warning: W0033
(minitoc(hints))                The caption package should be 
(minitoc(hints))                loaded BEFORE the minitoc package.

Package minitoc(hints) Info: I0053
(minitoc(hints))             You have loaded the float package; 
(minitoc(hints))             please be aware that the minitoc package 
(minitoc(hints))             facilities can not be used for new types 
(minitoc(hints))             of floats defined by the float package.

Package minitoc(hints) Warning: W0024
(minitoc(hints))                Some hints have been written 
(minitoc(hints))                in the main.log file.

[115

] (./main.aux)

LaTeX Font Warning: Some font shapes were not available, defaults substituted.

 ) 
Here is how much of TeX's memory you used:
 17740 strings out of 493272
 298177 string characters out of 6146850
 354493 words of memory out of 5000000
 21137 multiletter control sequences out of 15000+600000
 580226 words of font info for 143 fonts, out of 8000000 for 9000
 934 hyphenation exceptions out of 8191
 36i,17n,45p,533b,984s stack positions out of 5000i,500n,10000p,500000b,80000s

Output written on main.dvi (125 pages, 372820 bytes).
